<?xml version="1.0" encoding="UTF-8"?>
<testng-results ignored="0" total="1" passed="1" failed="0" skipped="0">
  <reporter-output>
  </reporter-output>
  <suite started-at="2021-12-30T17:36:24Z" name="Default suite" finished-at="2021-12-30T17:36:24Z" duration-ms="65">
    <groups>
      <group name="smoketest">
        <method signature="CreateOrgTest.createorg()[pri:0, instance:com.crm.autodesk.orgdemo.CreateOrgTest@31920ade]" name="createorg" class="com.crm.autodesk.orgdemo.CreateOrgTest"/>
      </group> <!-- smoketest -->
    </groups>
    <test started-at="2021-12-30T17:36:24Z" name="Default test" finished-at="2021-12-30T17:36:24Z" duration-ms="65">
      <class name="com.crm.autodesk.orgdemo.CreateOrgTest">
        <test-method signature="createorg()[pri:0, instance:com.crm.autodesk.orgdemo.CreateOrgTest@31920ade]" started-at="2021-12-30T17:36:24Z" name="createorg" finished-at="2021-12-30T17:36:24Z" duration-ms="16" status="PASS">
          <reporter-output>
          </reporter-output>
        </test-method> <!-- createorg -->
      </class> <!-- com.crm.autodesk.orgdemo.CreateOrgTest -->
    </test> <!-- Default test -->
  </suite> <!-- Default suite -->
</testng-results>
